<?xml version="1.0" encoding="UTF-8"?>
<testsuite xmlns:xsi="http://www.w3.org/2001/XMLSchema-instance" xsi:noNamespaceSchemaLocation="https://maven.apache.org/surefire/maven-failsafe-plugin/xsd/failsafe-test-report-3.0.xsd" version="3.0" name="starter.CucumberTestSuite" time="12.679" tests="4" errors="0" skipped="0" failures="0">
  <properties>
[...]
</properties>
  <testcase name="GET - As admin I hava be able get detail user" classname="User" time="5.561">
    <system-out><![CDATA[21:22:24.690 [main] DEBUG net.thucydides.core.guice.Injectors - Created injector for module net.thucydides.core.guice.ThucydidesModule
21:22:25.036 [main] INFO io.cucumber.core.plugin.SerenityReporter - Running feature from file:///E:/SEMESTER%20VI/ALTA/RestAPI-putri/src/test/resources/api/User.feature
21:22:25.036 [main] WARN io.cucumber.core.plugin.SerenityReporter - Feature from file:///E:/SEMESTER%20VI/ALTA/RestAPI-putri/src/test/resources/api/User.feature is not under the 'features' directory. Requirements report will not be correctly generated!
21:22:25.232 [main] DEBUG net.thucydides.core.guice.Injectors - Created injector for module net.thucydides.core.guice.webdriver.WebDriverModule
21:22:25.248 [main] INFO  - 

-------------------------------------------------------------------------------------
     _______. _______ .______       _______ .__   __.  __  .___________.____    ____ 
    /       ||   ____||   _  \     |   ____||  \ |  | |  | |           |\   \  /   / 
   |   (----`|  |__   |  |_)  |    |  |__   |   \|  | |  | `---|  |----` \   \/   /  
    \   \    |   __|  |      /     |   __|  |  . `  | |  |     |  |       \_    _/   
.----)   |   |  |____ |  |\  \----.|  |____ |  |\   | |  |     |  |         |  |     
|_______/    |_______|| _| `._____||_______||__| \__| |__|     |__|         |__|    
                                                                                     
 News and tutorials at http://www.serenity-bdd.info                                  
 Documentation at https://wakaleo.gitbooks.io/the-serenity-book/content/             
 Join the Serenity Community on Gitter: https://gitter.im/serenity-bdd/serenity-core 
 Serenity BDD Support and Training at http://serenity-bdd.info/#/trainingandsupport  
-------------------------------------------------------------------------------------

21:22:25.251 [main] DEBUG net.thucydides.core.steps.StepEventBus - Test suite started for story net.thucydides.core.model.Story@eb3bec8c
21:22:25.255 [main] INFO  - Test Suite Started: User
21:22:25.277 [main] INFO io.cucumber.core.plugin.SerenityReporter - Running feature from file:///E:/SEMESTER%20VI/ALTA/RestAPI-putri/src/test/resources/api/User.feature
21:22:25.277 [main] WARN io.cucumber.core.plugin.SerenityReporter - Feature from file:///E:/SEMESTER%20VI/ALTA/RestAPI-putri/src/test/resources/api/User.feature is not under the 'features' directory. Requirements report will not be correctly generated!
21:22:25.284 [main] DEBUG net.thucydides.core.steps.StepEventBus - Test suite started for story net.thucydides.core.model.Story@eb3bec8c
21:22:25.285 [main] INFO  - Test Suite Started: User

Scenario: GET - As admin I hava be able get detail user &amp#27;[90m# src/test/resources/api/User.feature:6&amp#27;[0m
21:22:25.469 [main] INFO io.cucumber.core.plugin.SerenityReporter - Running feature from file:///E:/SEMESTER%20VI/ALTA/RestAPI-putri/src/test/resources/api/User.feature
21:22:25.470 [main] WARN io.cucumber.core.plugin.SerenityReporter - Feature from file:///E:/SEMESTER%20VI/ALTA/RestAPI-putri/src/test/resources/api/User.feature is not under the 'features' directory. Requirements report will not be correctly generated!
21:22:25.667 [main] INFO  - 
  _____   ___   ___   _____     ___   _____     _     ___   _____   ___   ___  
 |_   _| | __| / __| |_   _|   / __| |_   _|   /_\   | _ \ |_   _| | __| |   \ 
   | |   | _|  \__ \   | |     \__ \   | |    / _ \  |   /   | |   | _|  | |) |
   |_|   |___| |___/   |_|     |___/   |_|   /_/ \_\ |_|_\   |_|   |___| |___/ 

GET - As admin I hava be able get detail user(user;get---as-admin-i-hava-be-able-get-detail-user)
--------------------------------------------------------------------------------
21:22:26.439 [main] DEBUG net.thucydides.core.steps.StepInterceptor - STARTING STEP: UserSteps.iSetGETApiEndpoints - I set GET api endpoints
21:22:26.443 [main] DEBUG net.thucydides.core.steps.StepInterceptor - STEP DONE: I set GET api endpoints
  &amp#27;[32mGiven &amp#27;[0m&amp#27;[32mI set GET api endpoints&amp#27;[0m                         &amp#27;[90m# starter.stepdefinitions.UserSteps.iSetGETApiEndpoints()&amp#27;[0m
21:22:26.455 [main] DEBUG net.thucydides.core.steps.StepInterceptor - STARTING STEP: UserSteps.iSendGetHttpPRequest - I send GET HTTP request
21:22:28.207 [main] DEBUG net.thucydides.core.steps.StepInterceptor - STARTING STEP: Get.sendGetHttpRequest - I set GET api endpoints
21:22:28.207 [main] DEBUG net.thucydides.core.steps.StepInterceptor - STEP DONE: I set GET api endpoints
21:22:29.414 [main] DEBUG org.apache.http.impl.conn.BasicClientConnectionManager - Get connection for route {s}->https://reqres.in:443
21:22:29.436 [main] DEBUG org.apache.http.impl.conn.DefaultClientConnectionOperator - Connecting to reqres.in:443
21:22:29.691 [main] DEBUG org.apache.http.client.protocol.RequestAddCookies - CookieSpec selected: ignoreCookies
21:22:29.692 [main] DEBUG org.apache.http.client.protocol.RequestAuthCache - Auth cache not set in the context
21:22:29.693 [main] DEBUG org.apache.http.client.protocol.RequestTargetAuthentication - Target auth state: UNCHALLENGED
21:22:29.693 [main] DEBUG org.apache.http.client.protocol.RequestProxyAuthentication - Proxy auth state: UNCHALLENGED
21:22:29.693 [main] DEBUG org.apache.http.impl.client.DefaultHttpClient - Attempt 1 to execute request
21:22:29.694 [main] DEBUG org.apache.http.impl.conn.DefaultClientConnection - Sending request: GET /api/users/2 HTTP/1.1
21:22:29.694 [main] DEBUG org.apache.http.wire -  >> "GET /api/users/2 HTTP/1.1[\r][\n]"
21:22:29.695 [main] DEBUG org.apache.http.wire -  >> "Accept: */*[\r][\n]"
21:22:29.695 [main] DEBUG org.apache.http.wire -  >> "Host: reqres.in[\r][\n]"
21:22:29.696 [main] DEBUG org.apache.http.wire -  >> "Connection: Keep-Alive[\r][\n]"
21:22:29.696 [main] DEBUG org.apache.http.wire -  >> "User-Agent: Apache-HttpClient/4.5.13 (Java/1.8.0_351)[\r][\n]"
21:22:29.696 [main] DEBUG org.apache.http.wire -  >> "Accept-Encoding: gzip,deflate[\r][\n]"
21:22:29.696 [main] DEBUG org.apache.http.wire -  >> "[\r][\n]"
21:22:29.696 [main] DEBUG org.apache.http.headers - >> GET /api/users/2 HTTP/1.1
21:22:29.696 [main] DEBUG org.apache.http.headers - >> Accept: */*
21:22:29.696 [main] DEBUG org.apache.http.headers - >> Host: reqres.in
21:22:29.696 [main] DEBUG org.apache.http.headers - >> Connection: Keep-Alive
21:22:29.696 [main] DEBUG org.apache.http.headers - >> User-Agent: Apache-HttpClient/4.5.13 (Java/1.8.0_351)
21:22:29.697 [main] DEBUG org.apache.http.headers - >> Accept-Encoding: gzip,deflate
21:22:29.737 [main] DEBUG org.apache.http.wire -  << "HTTP/1.1 200 OK[\r][\n]"
21:22:29.739 [main] DEBUG org.apache.http.wire -  << "Date: Sun, 02 Apr 2023 14:22:30 GMT[\r][\n]"
21:22:29.739 [main] DEBUG org.apache.http.wire -  << "Content-Type: application/json; charset=utf-8[\r][\n]"
21:22:29.739 [main] DEBUG org.apache.http.wire -  << "Transfer-Encoding: chunked[\r][\n]"
21:22:29.739 [main] DEBUG org.apache.http.wire -  << "Connection: keep-alive[\r][\n]"
21:22:29.739 [main] DEBUG org.apache.http.wire -  << "X-Powered-By: Express[\r][\n]"
21:22:29.740 [main] DEBUG org.apache.http.wire -  << "Access-Control-Allow-Origin: *[\r][\n]"
21:22:29.740 [main] DEBUG org.apache.http.wire -  << "Etag: W/"118-pbdwwFo9SKNhD3Lx5iHJyngpq00"[\r][\n]"
21:22:29.740 [main] DEBUG org.apache.http.wire -  << "Via: 1.1 vegur[\r][\n]"
21:22:29.740 [main] DEBUG org.apache.http.wire -  << "Cache-Control: max-age=14400[\r][\n]"
21:22:29.740 [main] DEBUG org.apache.http.wire -  << "CF-Cache-Status: HIT[\r][\n]"
21:22:29.740 [main] DEBUG org.apache.http.wire -  << "Age: 510[\r][\n]"
21:22:29.740 [main] DEBUG org.apache.http.wire -  << "Report-To: {"endpoints":[{"url":"https:\/\/a.nel.cloudflare.com\/report\/v3?s=bO8LAoGW%2FHsKw1xqx6AUrnflHJyvy4um0jYAaKPDpH5gCjtlazkeIXFjv0IQZA9WoprDiZ8FVuiywEVz7DQRJ0GR%2B9iUTdepM2v5758dsLJMC8xGBBd6kTKtLg%3D%3D"}],"group":"cf-nel","max_age":604800}[\r][\n]"
21:22:29.740 [main] DEBUG org.apache.http.wire -  << "NEL: {"success_fraction":0,"report_to":"cf-nel","max_age":604800}[\r][\n]"
21:22:29.740 [main] DEBUG org.apache.http.wire -  << "Vary: Accept-Encoding[\r][\n]"
21:22:29.740 [main] DEBUG org.apache.http.wire -  << "Server: cloudflare[\r][\n]"
21:22:29.741 [main] DEBUG org.apache.http.wire -  << "CF-RAY: 7b19b96e5bdd4d27-SIN[\r][\n]"
21:22:29.741 [main] DEBUG org.apache.http.wire -  << "Content-Encoding: gzip[\r][\n]"
21:22:29.741 [main] DEBUG org.apache.http.wire -  << "[\r][\n]"
21:22:29.742 [main] DEBUG org.apache.http.impl.conn.DefaultClientConnection - Receiving response: HTTP/1.1 200 OK
21:22:29.742 [main] DEBUG org.apache.http.headers - << HTTP/1.1 200 OK
21:22:29.742 [main] DEBUG org.apache.http.headers - << Date: Sun, 02 Apr 2023 14:22:30 GMT
21:22:29.742 [main] DEBUG org.apache.http.headers - << Content-Type: application/json; charset=utf-8
21:22:29.742 [main] DEBUG org.apache.http.headers - << Transfer-Encoding: chunked
21:22:29.742 [main] DEBUG org.apache.http.headers - << Connection: keep-alive
21:22:29.742 [main] DEBUG org.apache.http.headers - << X-Powered-By: Express
21:22:29.742 [main] DEBUG org.apache.http.headers - << Access-Control-Allow-Origin: *
21:22:29.742 [main] DEBUG org.apache.http.headers - << Etag: W/"118-pbdwwFo9SKNhD3Lx5iHJyngpq00"
21:22:29.742 [main] DEBUG org.apache.http.headers - << Via: 1.1 vegur
21:22:29.743 [main] DEBUG org.apache.http.headers - << Cache-Control: max-age=14400
21:22:29.743 [main] DEBUG org.apache.http.headers - << CF-Cache-Status: HIT
21:22:29.743 [main] DEBUG org.apache.http.headers - << Age: 510
21:22:29.743 [main] DEBUG org.apache.http.headers - << Report-To: {"endpoints":[{"url":"https:\/\/a.nel.cloudflare.com\/report\/v3?s=bO8LAoGW%2FHsKw1xqx6AUrnflHJyvy4um0jYAaKPDpH5gCjtlazkeIXFjv0IQZA9WoprDiZ8FVuiywEVz7DQRJ0GR%2B9iUTdepM2v5758dsLJMC8xGBBd6kTKtLg%3D%3D"}],"group":"cf-nel","max_age":604800}
21:22:29.743 [main] DEBUG org.apache.http.headers - << NEL: {"success_fraction":0,"report_to":"cf-nel","max_age":604800}
21:22:29.743 [main] DEBUG org.apache.http.headers - << Vary: Accept-Encoding
21:22:29.743 [main] DEBUG org.apache.http.headers - << Server: cloudflare
21:22:29.743 [main] DEBUG org.apache.http.headers - << CF-RAY: 7b19b96e5bdd4d27-SIN
21:22:29.743 [main] DEBUG org.apache.http.headers - << Content-Encoding: gzip
21:22:29.751 [main] DEBUG org.apache.http.impl.client.DefaultHttpClient - Connection can be kept alive indefinitely
21:22:29.757 [main] DEBUG io.restassured.internal.RestAssuredHttpBuilder - Parsing response as: application/json; charset=utf-8
21:22:29.757 [main] DEBUG org.apache.http.wire -  << "d0[\r][\n]"
21:22:29.758 [main] DEBUG org.apache.http.wire -  << "[0x1f][0x8b][0x8][0x0][0x0][0x0][0x0][0x0][0x0][0x3]m[0x8e][0xb1]j[0xc3]0[0x14]EE[0xbd]Y[0x15][0x1b]2j[0xea][0xdc]1[0x14]:[0x96]W[0xfb][0xda]QjK[0xca][0xd3][0xb3][0x13][0x8][0xfe][0xf7][0x92]R[0xda][0xa5][0xeb][0xe5][0x9c][0xc3][0xbd][0xa3][0x17][0x13][0x84];b[0x8f]p[0xf0][0xe0],qB[0xc0]Y[0x12][0xad][0xb9]RV[0xea][0xb3][0xf2][0xa2][0xac]ML[0xf0][0x18][0xa2]V{O2[0x13][0x1]/[0xf][\n]"
21:22:29.758 [main] DEBUG org.apache.http.wire -  << "[0x1e][0x93][0xfc]mo[0xdf][0xe]<d[0x15][0x13]E[0xc0][0xc9][0xac][0xd4][0xd0][0xb6][0xbf][0x99]6[0xce]c;H[0xc7][0xda][0x1e][0xf6]q[0x96][0x91][0xcd][0xb9][0x8c][0xd8]<[0xea]RJV{[0x1c]Zt[0xfa][0xd7][0xdd][0xfd]0[0xfb][0x13][0xa5][0x8f]i[0x84][0x87][0xf1]f[0x8]x[0xcd][0xee][0x93],[0xee][0xc8][0xcb][0x91][0xd5][\r]Jz[0xd7][0xe5]d[0x1a]?[0x16][0x8b]9Ug[0xf9]*[0xda]WW[0xa9]+[0xd5]u[0xb9]Zu[0xa2]tR[0x8a][0xb2][0x8b]b[0xec][0x9f][0xb0]m_[0xb][0x8c][0xc5][0xb5][0x18][0x1][0x0][0x0]"
21:22:29.758 [main] DEBUG org.apache.http.wire -  << "[\r][\n]"
21:22:29.758 [main] DEBUG org.apache.http.wire -  << "0[\r][\n]"
21:22:29.760 [main] DEBUG org.apache.http.wire -  << "[\r][\n]"
21:22:29.760 [main] DEBUG io.restassured.internal.RestAssuredHttpBuilder - Parsed data to instance of: class org.apache.http.conn.EofSensorInputStream
21:22:29.823 [main] DEBUG org.apache.http.impl.conn.BasicClientConnectionManager - Releasing connection org.apache.http.impl.conn.ManagedClientConnectionImpl@3e33b52e
21:22:29.824 [main] DEBUG org.apache.http.impl.conn.BasicClientConnectionManager - Connection can be kept alive indefinitely
21:22:29.869 [main] DEBUG net.thucydides.core.steps.StepInterceptor - STEP DONE: I send GET HTTP request
  &amp#27;[32mWhen &amp#27;[0m&amp#27;[32mI send GET HTTP request&amp#27;[0m                          &amp#27;[90m# starter.stepdefinitions.UserSteps.iSendGetHttpPRequest()&amp#27;[0m
21:22:29.877 [main] DEBUG net.thucydides.core.steps.StepInterceptor - STARTING STEP: UserSteps.iReceiveValidHttpResponse - I receive valid HTTP response code 200
21:22:29.924 [main] DEBUG net.thucydides.core.steps.StepInterceptor - STEP DONE: I receive valid HTTP response code 200
  &amp#27;[32mThen &amp#27;[0m&amp#27;[32mI receive valid HTTP response code 200&amp#27;[0m           &amp#27;[90m# starter.stepdefinitions.UserSteps.iReceiveValidHttpResponse()&amp#27;[0m
21:22:29.932 [main] DEBUG net.thucydides.core.steps.StepInterceptor - STARTING STEP: UserSteps.iReceiveValidDataForDetails - I receive valid data for details
21:22:30.835 [main] DEBUG net.thucydides.core.steps.StepInterceptor - STEP DONE: I receive valid data for details
  &amp#27;[32mAnd &amp#27;[0m&amp#27;[32mI receive valid data for details&amp#27;[0m                  &amp#27;[90m# starter.stepdefinitions.UserSteps.iReceiveValidDataForDetails()&amp#27;[0m
21:22:30.842 [main] INFO  - 
  _____   ___   ___   _____     ___     _     ___   ___   ___   ___  
 |_   _| | __| / __| |_   _|   | _ \   /_\   / __| / __| | __| |   \ 
   | |   | _|  \__ \   | |     |  _/  / _ \  \__ \ \__ \ | _|  | |) |
   |_|   |___| |___/   |_|     |_|   /_/ \_\ |___/ |___/ |___| |___/ 

GET - As admin I hava be able get detail user
----------------------------------------------------------------------
]]></system-out>
  </testcase>
  <testcase name="POST - As admin I have be able to create new user" classname="User" time="0.733">
    <system-out><![CDATA[
Scenario: POST - As admin I have be able to create new user &amp#27;[90m# src/test/resources/api/User.feature:12&amp#27;[0m
21:22:30.869 [main] INFO io.cucumber.core.plugin.SerenityReporter - Running feature from file:///E:/SEMESTER%20VI/ALTA/RestAPI-putri/src/test/resources/api/User.feature
21:22:30.869 [main] WARN io.cucumber.core.plugin.SerenityReporter - Feature from file:///E:/SEMESTER%20VI/ALTA/RestAPI-putri/src/test/resources/api/User.feature is not under the 'features' directory. Requirements report will not be correctly generated!
21:22:30.872 [main] INFO  - 
  _____   ___   ___   _____     ___   _____     _     ___   _____   ___   ___  
 |_   _| | __| / __| |_   _|   / __| |_   _|   /_\   | _ \ |_   _| | __| |   \ 
   | |   | _|  \__ \   | |     \__ \   | |    / _ \  |   /   | |   | _|  | |) |
   |_|   |___| |___/   |_|     |___/   |_|   /_/ \_\ |_|_\   |_|   |___| |___/ 

POST - As admin I have be able to create new user(user;post---as-admin-i-have-be-able-to-create-new-user)
--------------------------------------------------------------------------------
21:22:30.907 [main] DEBUG net.thucydides.core.steps.StepInterceptor - STARTING STEP: UserSteps.setPostApiEndpoints - I set POST api endpoints
21:22:30.907 [main] DEBUG net.thucydides.core.steps.StepInterceptor - STEP DONE: I set POST api endpoints
  &amp#27;[32mGiven &amp#27;[0m&amp#27;[32mI set POST api endpoints&amp#27;[0m                            &amp#27;[90m# starter.stepdefinitions.UserSteps.setPostApiEndpoints()&amp#27;[0m
21:22:30.916 [main] DEBUG net.thucydides.core.steps.StepInterceptor - STARTING STEP: UserSteps.sendPostHttpPRequest - I send POST HTTP request
21:22:30.952 [main] DEBUG net.thucydides.core.steps.StepInterceptor - STARTING STEP: Post.sendPostHttpRequest - I set POST api endpoints
21:22:30.954 [main] DEBUG net.thucydides.core.steps.StepInterceptor - STEP DONE: I set POST api endpoints
21:22:31.040 [main] DEBUG org.apache.http.impl.conn.BasicClientConnectionManager - Get connection for route {s}->https://reqres.in:443
21:22:31.040 [main] DEBUG org.apache.http.impl.conn.DefaultClientConnectionOperator - Connecting to reqres.in:443
21:22:31.126 [main] DEBUG org.apache.http.client.protocol.RequestAddCookies - CookieSpec selected: ignoreCookies
21:22:31.126 [main] DEBUG org.apache.http.client.protocol.RequestAuthCache - Auth cache not set in the context
21:22:31.127 [main] DEBUG org.apache.http.client.protocol.RequestTargetAuthentication - Target auth state: UNCHALLENGED
21:22:31.127 [main] DEBUG org.apache.http.client.protocol.RequestProxyAuthentication - Proxy auth state: UNCHALLENGED
21:22:31.127 [main] DEBUG org.apache.http.impl.client.DefaultHttpClient - Attempt 1 to execute request
21:22:31.127 [main] DEBUG org.apache.http.impl.conn.DefaultClientConnection - Sending request: POST /api/Users HTTP/1.1
21:22:31.127 [main] DEBUG org.apache.http.wire -  >> "POST /api/Users HTTP/1.1[\r][\n]"
21:22:31.127 [main] DEBUG org.apache.http.wire -  >> "Accept: */*[\r][\n]"
21:22:31.127 [main] DEBUG org.apache.http.wire -  >> "Content-Type: application/json[\r][\n]"
21:22:31.127 [main] DEBUG org.apache.http.wire -  >> "Content-Length: 34[\r][\n]"
21:22:31.127 [main] DEBUG org.apache.http.wire -  >> "Host: reqres.in[\r][\n]"
21:22:31.127 [main] DEBUG org.apache.http.wire -  >> "Connection: Keep-Alive[\r][\n]"
21:22:31.128 [main] DEBUG org.apache.http.wire -  >> "User-Agent: Apache-HttpClient/4.5.13 (Java/1.8.0_351)[\r][\n]"
21:22:31.128 [main] DEBUG org.apache.http.wire -  >> "Accept-Encoding: gzip,deflate[\r][\n]"
21:22:31.128 [main] DEBUG org.apache.http.wire -  >> "[\r][\n]"
21:22:31.128 [main] DEBUG org.apache.http.headers - >> POST /api/Users HTTP/1.1
21:22:31.128 [main] DEBUG org.apache.http.headers - >> Accept: */*
21:22:31.128 [main] DEBUG org.apache.http.headers - >> Content-Type: application/json
21:22:31.128 [main] DEBUG org.apache.http.headers - >> Content-Length: 34
21:22:31.128 [main] DEBUG org.apache.http.headers - >> Host: reqres.in
21:22:31.128 [main] DEBUG org.apache.http.headers - >> Connection: Keep-Alive
21:22:31.128 [main] DEBUG org.apache.http.headers - >> User-Agent: Apache-HttpClient/4.5.13 (Java/1.8.0_351)
21:22:31.129 [main] DEBUG org.apache.http.headers - >> Accept-Encoding: gzip,deflate
21:22:31.129 [main] DEBUG org.apache.http.wire -  >> "{"name":"morpheus","job":"leader"}"
21:22:31.515 [main] DEBUG org.apache.http.wire -  << "HTTP/1.1 201 Created[\r][\n]"
21:22:31.515 [main] DEBUG org.apache.http.wire -  << "Date: Sun, 02 Apr 2023 14:22:31 GMT[\r][\n]"
21:22:31.515 [main] DEBUG org.apache.http.wire -  << "Content-Type: application/json; charset=utf-8[\r][\n]"
21:22:31.515 [main] DEBUG org.apache.http.wire -  << "Content-Length: 84[\r][\n]"
21:22:31.515 [main] DEBUG org.apache.http.wire -  << "Connection: keep-alive[\r][\n]"
21:22:31.515 [main] DEBUG org.apache.http.wire -  << "X-Powered-By: Express[\r][\n]"
21:22:31.515 [main] DEBUG org.apache.http.wire -  << "Access-Control-Allow-Origin: *[\r][\n]"
21:22:31.515 [main] DEBUG org.apache.http.wire -  << "Etag: W/"54-0eU3r687e9yb2o10Mr7QW1h1t50"[\r][\n]"
21:22:31.515 [main] DEBUG org.apache.http.wire -  << "Via: 1.1 vegur[\r][\n]"
21:22:31.515 [main] DEBUG org.apache.http.wire -  << "CF-Cache-Status: DYNAMIC[\r][\n]"
21:22:31.515 [main] DEBUG org.apache.http.wire -  << "Report-To: {"endpoints":[{"url":"https:\/\/a.nel.cloudflare.com\/report\/v3?s=dJcQylvQMn9Q%2FEXs50QCCq%2BaruoLnBcuOX9kfk2%2FntP1hW4p4pjyA%2Fjy50%2FaA%2BPapFR6t4XpTmHKcYG4w%2Fiu8AJQhWZY%2FdZA8ZKL0HOck2aLYqKxE4vsaUCNSw%3D%3D"}],"group":"cf-nel","max_age":604800}[\r][\n]"
21:22:31.515 [main] DEBUG org.apache.http.wire -  << "NEL: {"success_fraction":0,"report_to":"cf-nel","max_age":604800}[\r][\n]"
21:22:31.516 [main] DEBUG org.apache.http.wire -  << "Server: cloudflare[\r][\n]"
21:22:31.516 [main] DEBUG org.apache.http.wire -  << "CF-RAY: 7b19b9775cc04048-SIN[\r][\n]"
21:22:31.516 [main] DEBUG org.apache.http.wire -  << "[\r][\n]"
21:22:31.516 [main] DEBUG org.apache.http.impl.conn.DefaultClientConnection - Receiving response: HTTP/1.1 201 Created
21:22:31.516 [main] DEBUG org.apache.http.headers - << HTTP/1.1 201 Created
21:22:31.516 [main] DEBUG org.apache.http.headers - << Date: Sun, 02 Apr 2023 14:22:31 GMT
21:22:31.516 [main] DEBUG org.apache.http.headers - << Content-Type: application/json; charset=utf-8
21:22:31.516 [main] DEBUG org.apache.http.headers - << Content-Length: 84
21:22:31.516 [main] DEBUG org.apache.http.headers - << Connection: keep-alive
21:22:31.516 [main] DEBUG org.apache.http.headers - << X-Powered-By: Express
21:22:31.516 [main] DEBUG org.apache.http.headers - << Access-Control-Allow-Origin: *
21:22:31.516 [main] DEBUG org.apache.http.headers - << Etag: W/"54-0eU3r687e9yb2o10Mr7QW1h1t50"
21:22:31.516 [main] DEBUG org.apache.http.headers - << Via: 1.1 vegur
21:22:31.516 [main] DEBUG org.apache.http.headers - << CF-Cache-Status: DYNAMIC
21:22:31.516 [main] DEBUG org.apache.http.headers - << Report-To: {"endpoints":[{"url":"https:\/\/a.nel.cloudflare.com\/report\/v3?s=dJcQylvQMn9Q%2FEXs50QCCq%2BaruoLnBcuOX9kfk2%2FntP1hW4p4pjyA%2Fjy50%2FaA%2BPapFR6t4XpTmHKcYG4w%2Fiu8AJQhWZY%2FdZA8ZKL0HOck2aLYqKxE4vsaUCNSw%3D%3D"}],"group":"cf-nel","max_age":604800}
21:22:31.517 [main] DEBUG org.apache.http.headers - << NEL: {"success_fraction":0,"report_to":"cf-nel","max_age":604800}
21:22:31.517 [main] DEBUG org.apache.http.headers - << Server: cloudflare
21:22:31.517 [main] DEBUG org.apache.http.headers - << CF-RAY: 7b19b9775cc04048-SIN
21:22:31.517 [main] DEBUG org.apache.http.impl.client.DefaultHttpClient - Connection can be kept alive indefinitely
21:22:31.517 [main] DEBUG io.restassured.internal.RestAssuredHttpBuilder - Parsing response as: application/json; charset=utf-8
21:22:31.517 [main] DEBUG io.restassured.internal.RestAssuredHttpBuilder - Parsed data to instance of: class org.apache.http.conn.EofSensorInputStream
21:22:31.522 [main] DEBUG org.apache.http.wire -  << "{"name":"morpheus","job":"leader","id":"934","createdAt":"2023-04-02T14:22:31.835Z"}"
21:22:31.523 [main] DEBUG org.apache.http.impl.conn.BasicClientConnectionManager - Releasing connection org.apache.http.impl.conn.ManagedClientConnectionImpl@6650a6c
21:22:31.523 [main] DEBUG org.apache.http.impl.conn.BasicClientConnectionManager - Connection can be kept alive indefinitely
21:22:31.524 [main] DEBUG net.thucydides.core.steps.StepInterceptor - STEP DONE: I send POST HTTP request
  &amp#27;[32mWhen &amp#27;[0m&amp#27;[32mI send POST HTTP request&amp#27;[0m                             &amp#27;[90m# starter.stepdefinitions.UserSteps.sendPostHttpPRequest()&amp#27;[0m
21:22:31.530 [main] DEBUG net.thucydides.core.steps.StepInterceptor - STARTING STEP: UserSteps.receiveHttpResponseCode201 - I receive valid HTTP response code 201
21:22:31.532 [main] DEBUG net.thucydides.core.steps.StepInterceptor - STEP DONE: I receive valid HTTP response code 201
  &amp#27;[32mThen &amp#27;[0m&amp#27;[32mI receive valid HTTP response code 201&amp#27;[0m               &amp#27;[90m# starter.stepdefinitions.UserSteps.receiveHttpResponseCode201()&amp#27;[0m
21:22:31.536 [main] DEBUG net.thucydides.core.steps.StepInterceptor - STARTING STEP: UserSteps.validDataForNewUser - I receive valid data for new user
21:22:31.573 [main] DEBUG net.thucydides.core.steps.StepInterceptor - STEP DONE: I receive valid data for new user
  &amp#27;[32mAnd &amp#27;[0m&amp#27;[32mI receive valid data for new user&amp#27;[0m                     &amp#27;[90m# starter.stepdefinitions.UserSteps.validDataForNewUser()&amp#27;[0m
21:22:31.583 [main] INFO  - 
  _____   ___   ___   _____     ___     _     ___   ___   ___   ___  
 |_   _| | __| / __| |_   _|   | _ \   /_\   / __| / __| | __| |   \ 
   | |   | _|  \__ \   | |     |  _/  / _ \  \__ \ \__ \ | _|  | |) |
   |_|   |___| |___/   |_|     |_|   /_/ \_\ |___/ |___/ |___| |___/ 

POST - As admin I have be able to create new user
----------------------------------------------------------------------
]]></system-out>
  </testcase>
  <testcase name="PUT - As admin I have be able to update existing user" classname="User" time="0.718">
    <system-out><![CDATA[
Scenario: PUT - As admin I have be able to update existing user &amp#27;[90m# src/test/resources/api/User.feature:18&amp#27;[0m
21:22:31.597 [main] INFO io.cucumber.core.plugin.SerenityReporter - Running feature from file:///E:/SEMESTER%20VI/ALTA/RestAPI-putri/src/test/resources/api/User.feature
21:22:31.597 [main] WARN io.cucumber.core.plugin.SerenityReporter - Feature from file:///E:/SEMESTER%20VI/ALTA/RestAPI-putri/src/test/resources/api/User.feature is not under the 'features' directory. Requirements report will not be correctly generated!
21:22:31.600 [main] INFO  - 
  _____   ___   ___   _____     ___   _____     _     ___   _____   ___   ___  
 |_   _| | __| / __| |_   _|   / __| |_   _|   /_\   | _ \ |_   _| | __| |   \ 
   | |   | _|  \__ \   | |     \__ \   | |    / _ \  |   /   | |   | _|  | |) |
   |_|   |___| |___/   |_|     |___/   |_|   /_/ \_\ |_|_\   |_|   |___| |___/ 

PUT - As admin I have be able to update existing user(user;put---as-admin-i-have-be-able-to-update-existing-user)
--------------------------------------------------------------------------------
21:22:31.635 [main] DEBUG net.thucydides.core.steps.StepInterceptor - STARTING STEP: UserSteps.setPutApiEndpoints - I set PUT api endpoints
21:22:31.635 [main] DEBUG net.thucydides.core.steps.StepInterceptor - STEP DONE: I set PUT api endpoints
  &amp#27;[32mGiven &amp#27;[0m&amp#27;[32mI set PUT api endpoints&amp#27;[0m                                 &amp#27;[90m# starter.stepdefinitions.UserSteps.setPutApiEndpoints()&amp#27;[0m
21:22:31.641 [main] DEBUG net.thucydides.core.steps.StepInterceptor - STARTING STEP: UserSteps.sendPutHttpRequest - I send PUT HTTP request
21:22:31.650 [main] DEBUG net.thucydides.core.steps.StepInterceptor - STARTING STEP: Put.sendPutHttpRequest - I set PUT api endpoints
21:22:31.650 [main] DEBUG net.thucydides.core.steps.StepInterceptor - STEP DONE: I set PUT api endpoints
21:22:31.726 [main] DEBUG org.apache.http.impl.conn.BasicClientConnectionManager - Get connection for route {s}->https://reqres.in:443
21:22:31.726 [main] DEBUG org.apache.http.impl.conn.DefaultClientConnectionOperator - Connecting to reqres.in:443
21:22:31.823 [main] DEBUG org.apache.http.client.protocol.RequestAddCookies - CookieSpec selected: ignoreCookies
21:22:31.823 [main] DEBUG org.apache.http.client.protocol.RequestAuthCache - Auth cache not set in the context
21:22:31.823 [main] DEBUG org.apache.http.client.protocol.RequestTargetAuthentication - Target auth state: UNCHALLENGED
21:22:31.823 [main] DEBUG org.apache.http.client.protocol.RequestProxyAuthentication - Proxy auth state: UNCHALLENGED
21:22:31.823 [main] DEBUG org.apache.http.impl.client.DefaultHttpClient - Attempt 1 to execute request
21:22:31.823 [main] DEBUG org.apache.http.impl.conn.DefaultClientConnection - Sending request: PUT /api/users/2 HTTP/1.1
21:22:31.823 [main] DEBUG org.apache.http.wire -  >> "PUT /api/users/2 HTTP/1.1[\r][\n]"
21:22:31.823 [main] DEBUG org.apache.http.wire -  >> "Accept: */*[\r][\n]"
21:22:31.823 [main] DEBUG org.apache.http.wire -  >> "Content-Type: application/json[\r][\n]"
21:22:31.824 [main] DEBUG org.apache.http.wire -  >> "Content-Length: 41[\r][\n]"
21:22:31.824 [main] DEBUG org.apache.http.wire -  >> "Host: reqres.in[\r][\n]"
21:22:31.824 [main] DEBUG org.apache.http.wire -  >> "Connection: Keep-Alive[\r][\n]"
21:22:31.825 [main] DEBUG org.apache.http.wire -  >> "User-Agent: Apache-HttpClient/4.5.13 (Java/1.8.0_351)[\r][\n]"
21:22:31.825 [main] DEBUG org.apache.http.wire -  >> "Accept-Encoding: gzip,deflate[\r][\n]"
21:22:31.825 [main] DEBUG org.apache.http.wire -  >> "[\r][\n]"
21:22:31.825 [main] DEBUG org.apache.http.headers - >> PUT /api/users/2 HTTP/1.1
21:22:31.825 [main] DEBUG org.apache.http.headers - >> Accept: */*
21:22:31.825 [main] DEBUG org.apache.http.headers - >> Content-Type: application/json
21:22:31.825 [main] DEBUG org.apache.http.headers - >> Content-Length: 41
21:22:31.825 [main] DEBUG org.apache.http.headers - >> Host: reqres.in
21:22:31.825 [main] DEBUG org.apache.http.headers - >> Connection: Keep-Alive
21:22:31.825 [main] DEBUG org.apache.http.headers - >> User-Agent: Apache-HttpClient/4.5.13 (Java/1.8.0_351)
21:22:31.825 [main] DEBUG org.apache.http.headers - >> Accept-Encoding: gzip,deflate
21:22:31.825 [main] DEBUG org.apache.http.wire -  >> "{"name":"morpheus","job":"zion resident"}"
21:22:32.245 [main] DEBUG org.apache.http.wire -  << "HTTP/1.1 200 OK[\r][\n]"
21:22:32.245 [main] DEBUG org.apache.http.wire -  << "Date: Sun, 02 Apr 2023 14:22:32 GMT[\r][\n]"
21:22:32.245 [main] DEBUG org.apache.http.wire -  << "Content-Type: application/json; charset=utf-8[\r][\n]"
21:22:32.245 [main] DEBUG org.apache.http.wire -  << "Transfer-Encoding: chunked[\r][\n]"
21:22:32.245 [main] DEBUG org.apache.http.wire -  << "Connection: keep-alive[\r][\n]"
21:22:32.245 [main] DEBUG org.apache.http.wire -  << "X-Powered-By: Express[\r][\n]"
21:22:32.245 [main] DEBUG org.apache.http.wire -  << "Access-Control-Allow-Origin: *[\r][\n]"
21:22:32.245 [main] DEBUG org.apache.http.wire -  << "Etag: W/"50-QOiA6TVLmgEUXaLGIJLMqTn4vJM"[\r][\n]"
21:22:32.245 [main] DEBUG org.apache.http.wire -  << "Via: 1.1 vegur[\r][\n]"
21:22:32.245 [main] DEBUG org.apache.http.wire -  << "CF-Cache-Status: DYNAMIC[\r][\n]"
21:22:32.245 [main] DEBUG org.apache.http.wire -  << "Report-To: {"endpoints":[{"url":"https:\/\/a.nel.cloudflare.com\/report\/v3?s=H9vh9%2Bpqi4ZEkhdoHOAu1rJiReATo7P5fDA04%2B84aqYs7bn0cyt%2Bnl81FsUrievW2ILR1%2BDNU0ZIFm7nUKCEM0ZpzJQpgO1SMUBYMYbfjWG%2Fvf7PqWt95KCL4Q%3D%3D"}],"group":"cf-nel","max_age":604800}[\r][\n]"
21:22:32.245 [main] DEBUG org.apache.http.wire -  << "NEL: {"success_fraction":0,"report_to":"cf-nel","max_age":604800}[\r][\n]"
21:22:32.245 [main] DEBUG org.apache.http.wire -  << "Vary: Accept-Encoding[\r][\n]"
21:22:32.245 [main] DEBUG org.apache.http.wire -  << "Server: cloudflare[\r][\n]"
21:22:32.245 [main] DEBUG org.apache.http.wire -  << "CF-RAY: 7b19b97babd29e35-SIN[\r][\n]"
21:22:32.246 [main] DEBUG org.apache.http.wire -  << "Content-Encoding: gzip[\r][\n]"
21:22:32.246 [main] DEBUG org.apache.http.wire -  << "[\r][\n]"
21:22:32.246 [main] DEBUG org.apache.http.impl.conn.DefaultClientConnection - Receiving response: HTTP/1.1 200 OK
21:22:32.246 [main] DEBUG org.apache.http.headers - << HTTP/1.1 200 OK
21:22:32.246 [main] DEBUG org.apache.http.headers - << Date: Sun, 02 Apr 2023 14:22:32 GMT
21:22:32.246 [main] DEBUG org.apache.http.headers - << Content-Type: application/json; charset=utf-8
21:22:32.246 [main] DEBUG org.apache.http.headers - << Transfer-Encoding: chunked
21:22:32.246 [main] DEBUG org.apache.http.headers - << Connection: keep-alive
21:22:32.246 [main] DEBUG org.apache.http.headers - << X-Powered-By: Express
21:22:32.246 [main] DEBUG org.apache.http.headers - << Access-Control-Allow-Origin: *
21:22:32.247 [main] DEBUG org.apache.http.headers - << Etag: W/"50-QOiA6TVLmgEUXaLGIJLMqTn4vJM"
21:22:32.247 [main] DEBUG org.apache.http.headers - << Via: 1.1 vegur
21:22:32.247 [main] DEBUG org.apache.http.headers - << CF-Cache-Status: DYNAMIC
21:22:32.248 [main] DEBUG org.apache.http.headers - << Report-To: {"endpoints":[{"url":"https:\/\/a.nel.cloudflare.com\/report\/v3?s=H9vh9%2Bpqi4ZEkhdoHOAu1rJiReATo7P5fDA04%2B84aqYs7bn0cyt%2Bnl81FsUrievW2ILR1%2BDNU0ZIFm7nUKCEM0ZpzJQpgO1SMUBYMYbfjWG%2Fvf7PqWt95KCL4Q%3D%3D"}],"group":"cf-nel","max_age":604800}
21:22:32.248 [main] DEBUG org.apache.http.headers - << NEL: {"success_fraction":0,"report_to":"cf-nel","max_age":604800}
21:22:32.248 [main] DEBUG org.apache.http.headers - << Vary: Accept-Encoding
21:22:32.248 [main] DEBUG org.apache.http.headers - << Server: cloudflare
21:22:32.248 [main] DEBUG org.apache.http.headers - << CF-RAY: 7b19b97babd29e35-SIN
21:22:32.251 [main] DEBUG org.apache.http.headers - << Content-Encoding: gzip
21:22:32.252 [main] DEBUG org.apache.http.impl.client.DefaultHttpClient - Connection can be kept alive indefinitely
21:22:32.252 [main] DEBUG io.restassured.internal.RestAssuredHttpBuilder - Parsing response as: application/json; charset=utf-8
21:22:32.252 [main] DEBUG org.apache.http.wire -  << "68[\r][\n]"
21:22:32.252 [main] DEBUG org.apache.http.wire -  << "[0x1f][0x8b][0x8][0x0][0x0][0x0][0x0][0x0][0x0][0x3][0x4][0xc1];[\n]"
21:22:32.252 [main] DEBUG org.apache.http.wire -  << "[0x80]0[0x10][0x5][0xc0][0xab][0xc8][0xab][0x8d][0xc4]Ml[0xb6][0xf3][0xe]VvJ[0x16][0x8c][0x90][0xf][0xf9]4[0x8a]ww[0xe6]E<[0x82][0x80][0x11]R[0xc9][0x97][0xf4][0x8a][0x11]w:[0xc1]x|[0x8a]C[0x91][0xea][0x9d][0xc4][0x86][0x11]=[0xbb][0xa3][0x89][[0x1b][0x18][0xa4][0xc9](m[0x95][0xa6]m[0xb6]L[0xc4][0x86][0xa6][0xc5][0xd2][0x8e][0xef][0x7][0x0][0x0][0xff][0xff][0x3][0x0][0xeb]M[0x93][0xef]P[0x0][0x0][0x0]"
21:22:32.252 [main] DEBUG org.apache.http.wire -  << "[\r][\n]"
21:22:32.253 [main] DEBUG org.apache.http.wire -  << "0[\r][\n]"
21:22:32.254 [main] DEBUG org.apache.http.wire -  << "[\r][\n]"
21:22:32.254 [main] DEBUG io.restassured.internal.RestAssuredHttpBuilder - Parsed data to instance of: class org.apache.http.conn.EofSensorInputStream
21:22:32.257 [main] DEBUG org.apache.http.impl.conn.BasicClientConnectionManager - Releasing connection org.apache.http.impl.conn.ManagedClientConnectionImpl@3711c71c
21:22:32.257 [main] DEBUG org.apache.http.impl.conn.BasicClientConnectionManager - Connection can be kept alive indefinitely
21:22:32.258 [main] DEBUG net.thucydides.core.steps.StepInterceptor - STEP DONE: I send PUT HTTP request
  &amp#27;[32mWhen &amp#27;[0m&amp#27;[32mI send PUT HTTP request&amp#27;[0m                                  &amp#27;[90m# starter.stepdefinitions.UserSteps.sendPutHttpRequest()&amp#27;[0m
21:22:32.264 [main] DEBUG net.thucydides.core.steps.StepInterceptor - STARTING STEP: UserSteps.iReceiveValidHttpResponse - I receive valid HTTP response code 200
21:22:32.264 [main] DEBUG net.thucydides.core.steps.StepInterceptor - STEP DONE: I receive valid HTTP response code 200
  &amp#27;[32mThen &amp#27;[0m&amp#27;[32mI receive valid HTTP response code 200&amp#27;[0m                   &amp#27;[90m# starter.stepdefinitions.UserSteps.iReceiveValidHttpResponse()&amp#27;[0m
21:22:32.269 [main] DEBUG net.thucydides.core.steps.StepInterceptor - STARTING STEP: UserSteps.validDataForUpdateUser - I receive valid data for update user
21:22:32.304 [main] DEBUG net.thucydides.core.steps.StepInterceptor - STEP DONE: I receive valid data for update user
  &amp#27;[32mAnd &amp#27;[0m&amp#27;[32mI receive valid data for update user&amp#27;[0m                      &amp#27;[90m# starter.stepdefinitions.UserSteps.validDataForUpdateUser()&amp#27;[0m
21:22:32.307 [main] INFO  - 
  _____   ___   ___   _____     ___     _     ___   ___   ___   ___  
 |_   _| | __| / __| |_   _|   | _ \   /_\   / __| / __| | __| |   \ 
   | |   | _|  \__ \   | |     |  _/  / _ \  \__ \ \__ \ | _|  | |) |
   |_|   |___| |___/   |_|     |_|   /_/ \_\ |___/ |___/ |___| |___/ 

PUT - As admin I have be able to update existing user
----------------------------------------------------------------------
]]></system-out>
  </testcase>
  <testcase name="DELETE - As admin I have be able to delete existing user" classname="User" time="0.579">
    <system-out><![CDATA[
Scenario: DELETE - As admin I have be able to delete existing user &amp#27;[90m# src/test/resources/api/User.feature:24&amp#27;[0m
21:22:32.318 [main] INFO io.cucumber.core.plugin.SerenityReporter - Running feature from file:///E:/SEMESTER%20VI/ALTA/RestAPI-putri/src/test/resources/api/User.feature
21:22:32.318 [main] WARN io.cucumber.core.plugin.SerenityReporter - Feature from file:///E:/SEMESTER%20VI/ALTA/RestAPI-putri/src/test/resources/api/User.feature is not under the 'features' directory. Requirements report will not be correctly generated!
21:22:32.320 [main] INFO  - 
  _____   ___   ___   _____     ___   _____     _     ___   _____   ___   ___  
 |_   _| | __| / __| |_   _|   / __| |_   _|   /_\   | _ \ |_   _| | __| |   \ 
   | |   | _|  \__ \   | |     \__ \   | |    / _ \  |   /   | |   | _|  | |) |
   |_|   |___| |___/   |_|     |___/   |_|   /_/ \_\ |_|_\   |_|   |___| |___/ 

DELETE - As admin I have be able to delete existing user(user;delete---as-admin-i-have-be-able-to-delete-existing-user)
--------------------------------------------------------------------------------
21:22:32.351 [main] DEBUG net.thucydides.core.steps.StepInterceptor - STARTING STEP: UserSteps.setDeleteApiEndpoints - I set DELETE api endpoints
21:22:32.351 [main] DEBUG net.thucydides.core.steps.StepInterceptor - STEP DONE: I set DELETE api endpoints
  &amp#27;[32mGiven &amp#27;[0m&amp#27;[32mI set DELETE api endpoints&amp#27;[0m                                 &amp#27;[90m# starter.stepdefinitions.UserSteps.setDeleteApiEndpoints()&amp#27;[0m
21:22:32.362 [main] DEBUG net.thucydides.core.steps.StepInterceptor - STARTING STEP: UserSteps.sendDeleteHttpRequest - I send DELETE HTTP request
21:22:32.364 [main] DEBUG net.thucydides.core.steps.StepInterceptor - STARTING STEP: Delete.sendDeleteHttpRequest - I set DELETE api endpoints
21:22:32.364 [main] DEBUG net.thucydides.core.steps.StepInterceptor - STEP DONE: I set DELETE api endpoints
21:22:32.391 [main] DEBUG org.apache.http.impl.conn.BasicClientConnectionManager - Get connection for route {s}->https://reqres.in:443
21:22:32.391 [main] DEBUG org.apache.http.impl.conn.DefaultClientConnectionOperator - Connecting to reqres.in:443
21:22:32.477 [main] DEBUG org.apache.http.client.protocol.RequestAddCookies - CookieSpec selected: ignoreCookies
21:22:32.477 [main] DEBUG org.apache.http.client.protocol.RequestAuthCache - Auth cache not set in the context
21:22:32.477 [main] DEBUG org.apache.http.client.protocol.RequestTargetAuthentication - Target auth state: UNCHALLENGED
21:22:32.477 [main] DEBUG org.apache.http.client.protocol.RequestProxyAuthentication - Proxy auth state: UNCHALLENGED
21:22:32.478 [main] DEBUG org.apache.http.impl.client.DefaultHttpClient - Attempt 1 to execute request
21:22:32.481 [main] DEBUG org.apache.http.impl.conn.DefaultClientConnection - Sending request: DELETE /api/users/2 HTTP/1.1
21:22:32.481 [main] DEBUG org.apache.http.wire -  >> "DELETE /api/users/2 HTTP/1.1[\r][\n]"
21:22:32.481 [main] DEBUG org.apache.http.wire -  >> "Accept: */*[\r][\n]"
21:22:32.481 [main] DEBUG org.apache.http.wire -  >> "Host: reqres.in[\r][\n]"
21:22:32.481 [main] DEBUG org.apache.http.wire -  >> "Connection: Keep-Alive[\r][\n]"
21:22:32.481 [main] DEBUG org.apache.http.wire -  >> "User-Agent: Apache-HttpClient/4.5.13 (Java/1.8.0_351)[\r][\n]"
21:22:32.481 [main] DEBUG org.apache.http.wire -  >> "Accept-Encoding: gzip,deflate[\r][\n]"
21:22:32.481 [main] DEBUG org.apache.http.wire -  >> "[\r][\n]"
21:22:32.481 [main] DEBUG org.apache.http.headers - >> DELETE /api/users/2 HTTP/1.1
21:22:32.481 [main] DEBUG org.apache.http.headers - >> Accept: */*
21:22:32.481 [main] DEBUG org.apache.http.headers - >> Host: reqres.in
21:22:32.481 [main] DEBUG org.apache.http.headers - >> Connection: Keep-Alive
21:22:32.481 [main] DEBUG org.apache.http.headers - >> User-Agent: Apache-HttpClient/4.5.13 (Java/1.8.0_351)
21:22:32.481 [main] DEBUG org.apache.http.headers - >> Accept-Encoding: gzip,deflate
21:22:32.873 [main] DEBUG org.apache.http.wire -  << "HTTP/1.1 204 No Content[\r][\n]"
21:22:32.873 [main] DEBUG org.apache.http.wire -  << "Date: Sun, 02 Apr 2023 14:22:33 GMT[\r][\n]"
21:22:32.873 [main] DEBUG org.apache.http.wire -  << "Content-Length: 0[\r][\n]"
21:22:32.873 [main] DEBUG org.apache.http.wire -  << "Connection: keep-alive[\r][\n]"
21:22:32.873 [main] DEBUG org.apache.http.wire -  << "X-Powered-By: Express[\r][\n]"
21:22:32.873 [main] DEBUG org.apache.http.wire -  << "Access-Control-Allow-Origin: *[\r][\n]"
21:22:32.873 [main] DEBUG org.apache.http.wire -  << "Etag: W/"2-vyGp6PvFo4RvsFtPoIWeCReyIC8"[\r][\n]"
21:22:32.873 [main] DEBUG org.apache.http.wire -  << "Via: 1.1 vegur[\r][\n]"
21:22:32.873 [main] DEBUG org.apache.http.wire -  << "CF-Cache-Status: DYNAMIC[\r][\n]"
21:22:32.873 [main] DEBUG org.apache.http.wire -  << "Report-To: {"endpoints":[{"url":"https:\/\/a.nel.cloudflare.com\/report\/v3?s=G7NV28Uk5mCS1RjFmuTUx%2FxZJWzDEX601fe8496mPi8QA%2BoIaqpWE5Xw4vswZQLCOzbFcNTMvTr8qdn7p6AkJVJCd6W%2FrpFrVDuRqZaVCUfzhUl%2BzWZOrblxfA%3D%3D"}],"group":"cf-nel","max_age":604800}[\r][\n]"
21:22:32.873 [main] DEBUG org.apache.http.wire -  << "NEL: {"success_fraction":0,"report_to":"cf-nel","max_age":604800}[\r][\n]"
21:22:32.873 [main] DEBUG org.apache.http.wire -  << "Server: cloudflare[\r][\n]"
21:22:32.873 [main] DEBUG org.apache.http.wire -  << "CF-RAY: 7b19b97fcfca4092-SIN[\r][\n]"
21:22:32.873 [main] DEBUG org.apache.http.wire -  << "[\r][\n]"
21:22:32.874 [main] DEBUG org.apache.http.impl.conn.DefaultClientConnection - Receiving response: HTTP/1.1 204 No Content
21:22:32.874 [main] DEBUG org.apache.http.headers - << HTTP/1.1 204 No Content
21:22:32.874 [main] DEBUG org.apache.http.headers - << Date: Sun, 02 Apr 2023 14:22:33 GMT
21:22:32.874 [main] DEBUG org.apache.http.headers - << Content-Length: 0
21:22:32.874 [main] DEBUG org.apache.http.headers - << Connection: keep-alive
21:22:32.874 [main] DEBUG org.apache.http.headers - << X-Powered-By: Express
21:22:32.874 [main] DEBUG org.apache.http.headers - << Access-Control-Allow-Origin: *
21:22:32.874 [main] DEBUG org.apache.http.headers - << Etag: W/"2-vyGp6PvFo4RvsFtPoIWeCReyIC8"
21:22:32.874 [main] DEBUG org.apache.http.headers - << Via: 1.1 vegur
21:22:32.874 [main] DEBUG org.apache.http.headers - << CF-Cache-Status: DYNAMIC
21:22:32.874 [main] DEBUG org.apache.http.headers - << Report-To: {"endpoints":[{"url":"https:\/\/a.nel.cloudflare.com\/report\/v3?s=G7NV28Uk5mCS1RjFmuTUx%2FxZJWzDEX601fe8496mPi8QA%2BoIaqpWE5Xw4vswZQLCOzbFcNTMvTr8qdn7p6AkJVJCd6W%2FrpFrVDuRqZaVCUfzhUl%2BzWZOrblxfA%3D%3D"}],"group":"cf-nel","max_age":604800}
21:22:32.874 [main] DEBUG org.apache.http.headers - << NEL: {"success_fraction":0,"report_to":"cf-nel","max_age":604800}
21:22:32.874 [main] DEBUG org.apache.http.headers - << Server: cloudflare
21:22:32.874 [main] DEBUG org.apache.http.headers - << CF-RAY: 7b19b97fcfca4092-SIN
21:22:32.874 [main] DEBUG org.apache.http.impl.client.DefaultHttpClient - Connection can be kept alive indefinitely
21:22:32.874 [main] DEBUG org.apache.http.impl.conn.BasicClientConnectionManager - Releasing connection org.apache.http.impl.conn.ManagedClientConnectionImpl@65593327
21:22:32.874 [main] DEBUG org.apache.http.impl.conn.BasicClientConnectionManager - Connection can be kept alive indefinitely
21:22:32.877 [main] DEBUG net.thucydides.core.steps.StepInterceptor - STEP DONE: I send DELETE HTTP request
  &amp#27;[32mWhen &amp#27;[0m&amp#27;[32mI send DELETE HTTP request&amp#27;[0m                                  &amp#27;[90m# starter.stepdefinitions.UserSteps.sendDeleteHttpRequest()&amp#27;[0m
21:22:32.882 [main] DEBUG net.thucydides.core.steps.StepInterceptor - STARTING STEP: UserSteps.validHttpResponseCode204 - I receive valid HTTP response code 204
21:22:32.884 [main] DEBUG net.thucydides.core.steps.StepInterceptor - STEP DONE: I receive valid HTTP response code 204
  &amp#27;[32mThen &amp#27;[0m&amp#27;[32mI receive valid HTTP response code 204&amp#27;[0m                      &amp#27;[90m# starter.stepdefinitions.UserSteps.validHttpResponseCode204()&amp#27;[0m
21:22:32.886 [main] INFO  - 
  _____   ___   ___   _____     ___     _     ___   ___   ___   ___  
 |_   _| | __| / __| |_   _|   | _ \   /_\   / __| / __| | __| |   \ 
   | |   | _|  \__ \   | |     |  _/  / _ \  \__ \ \__ \ | _|  | |) |
   |_|   |___| |___/   |_|     |_|   /_/ \_\ |___/ |___/ |___| |___/ 

DELETE - As admin I have be able to delete existing user
----------------------------------------------------------------------
]]></system-out>
  </testcase>
</testsuite>